# JRE version: Java(TM) SE Runtime Environment (21.0.2+13) (build 21.0.2+13-LTS-58)
# Java VM: Java HotSpot(TM) 64-Bit Server VM (21.0.2+13-LTS-58, mixed mode, sharing, tiered, compressed oops, compressed class ptrs, g1 gc, windows-amd64)
GC Precious Log:
 CardTable entry size: 512
 Card Set container configuration: InlinePtr #cards 4 size 8 Array Of Cards #cards 16 size 48 Howl #buckets 8 coarsen threshold 3686 Howl Bitmap #cards 512 size 80 coarsen threshold 460 Card regions per heap region 1 cards per card region 4096
 CPUs: 16 total, 16 available
 Memory: 16003M
 Large Page Support: Disabled
 NUMA Support: Disabled
 Compressed Oops: Enabled (Zero based)
 Heap Region Size: 2M
 Heap Min Capacity: 8M
 Heap Initial Capacity: 252M
 Heap Max Capacity: 4002M
 Pre-touch: Disabled
 Parallel Workers: 13
 Concurrent Workers: 3
 Concurrent Refinement Workers: 13
 Periodic GC: Disabled
Heap:
 garbage-first heap   total 81920K, used 59214K [0x0000000705e00000, 0x0000000800000000)
  region size 2048K, 17 young (34816K), 2 survivors (4096K)
 Metaspace       used 71097K, committed 71808K, reserved 1114112K
  class space    used 9471K, committed 9792K, reserved 1048576K
GC Heap History (20 events):
Event: 0.556 GC heap before
{Heap before GC invocations=0 (full 0):
 garbage-first heap   total 258048K, used 22528K [0x0000000705e00000, 0x0000000800000000)
  region size 2048K, 11 young (22528K), 0 survivors (0K)
 Metaspace       used 4960K, committed 5248K, reserved 1114112K
  class space    used 546K, committed 704K, reserved 1048576K
}
Event: 0.560 GC heap after
{Heap after GC invocations=1 (full 0):
 garbage-first heap   total 258048K, used 7902K [0x0000000705e00000, 0x0000000800000000)
  region size 2048K, 2 young (4096K), 2 survivors (4096K)
 Metaspace       used 4960K, committed 5248K, reserved 1114112K
  class space    used 546K, committed 704K, reserved 1048576K
}
Event: 1.115 GC heap before
{Heap before GC invocations=1 (full 0):
 garbage-first heap   total 258048K, used 32478K [0x0000000705e00000, 0x0000000800000000)
  region size 2048K, 15 young (30720K), 2 survivors (4096K)
 Metaspace       used 11701K, committed 12032K, reserved 1114112K
  class space    used 1453K, committed 1600K, reserved 1048576K
}
Event: 1.118 GC heap after
{Heap after GC invocations=2 (full 0):
 garbage-first heap   total 258048K, used 9573K [0x0000000705e00000, 0x0000000800000000)
  region size 2048K, 2 young (4096K), 2 survivors (4096K)
 Metaspace       used 11701K, committed 12032K, reserved 1114112K
  class space    used 1453K, committed 1600K, reserved 1048576K
}
Event: 1.639 GC heap before
{Heap before GC invocations=2 (full 0):
 garbage-first heap   total 258048K, used 52581K [0x0000000705e00000, 0x0000000800000000)
  region size 2048K, 25 young (51200K), 2 survivors (4096K)
 Metaspace       used 21195K, committed 21504K, reserved 1114112K
  class space    used 2641K, committed 2752K, reserved 1048576K
}
Event: 1.644 GC heap after
{Heap after GC invocations=3 (full 0):
 garbage-first heap   total 258048K, used 14631K [0x0000000705e00000, 0x0000000800000000)
  region size 2048K, 4 young (8192K), 4 survivors (8192K)
 Metaspace       used 21195K, committed 21504K, reserved 1114112K
  class space    used 2641K, committed 2752K, reserved 1048576K
}
Event: 2.867 GC heap before
{Heap before GC invocations=4 (full 0):
 garbage-first heap   total 69632K, used 65831K [0x0000000705e00000, 0x0000000800000000)
  region size 2048K, 30 young (61440K), 4 survivors (8192K)
 Metaspace       used 26322K, committed 26624K, reserved 1114112K
  class space    used 3302K, committed 3456K, reserved 1048576K
}
Event: 2.873 GC heap after
{Heap after GC invocations=5 (full 0):
 garbage-first heap   total 81920K, used 17906K [0x0000000705e00000, 0x0000000800000000)
  region size 2048K, 6 young (12288K), 6 survivors (12288K)
 Metaspace       used 26322K, committed 26624K, reserved 1114112K
  class space    used 3302K, committed 3456K, reserved 1048576K
}
Event: 3.781 GC heap before
{Heap before GC invocations=5 (full 0):
 garbage-first heap   total 81920K, used 54770K [0x0000000705e00000, 0x0000000800000000)
  region size 2048K, 24 young (49152K), 6 survivors (12288K)
 Metaspace       used 32945K, committed 33408K, reserved 1114112K
  class space    used 4183K, committed 4352K, reserved 1048576K
}
Event: 3.787 GC heap after
{Heap after GC invocations=6 (full 0):
 garbage-first heap   total 81920K, used 20726K [0x0000000705e00000, 0x0000000800000000)
  region size 2048K, 2 young (4096K), 2 survivors (4096K)
 Metaspace       used 32945K, committed 33408K, reserved 1114112K
  class space    used 4183K, committed 4352K, reserved 1048576K
}
Event: 4.430 GC heap before
{Heap before GC invocations=6 (full 0):
 garbage-first heap   total 81920K, used 41206K [0x0000000705e00000, 0x0000000800000000)
  region size 2048K, 13 young (26624K), 2 survivors (4096K)
 Metaspace       used 35520K, committed 35968K, reserved 1114112K
  class space    used 4529K, committed 4736K, reserved 1048576K
}
Event: 4.433 GC heap after
{Heap after GC invocations=7 (full 0):
 garbage-first heap   total 81920K, used 21647K [0x0000000705e00000, 0x0000000800000000)
  region size 2048K, 3 young (6144K), 3 survivors (6144K)
 Metaspace       used 35520K, committed 35968K, reserved 1114112K
  class space    used 4529K, committed 4736K, reserved 1048576K
}
Event: 5.708 GC heap before
{Heap before GC invocations=8 (full 0):
 garbage-first heap   total 81920K, used 64655K [0x0000000705e00000, 0x0000000800000000)
  region size 2048K, 24 young (49152K), 3 survivors (6144K)
 Metaspace       used 43139K, committed 43712K, reserved 1114112K
  class space    used 5630K, committed 5888K, reserved 1048576K
}
Event: 5.713 GC heap after
{Heap after GC invocations=9 (full 0):
 garbage-first heap   total 81920K, used 24419K [0x0000000705e00000, 0x0000000800000000)
  region size 2048K, 3 young (6144K), 3 survivors (6144K)
 Metaspace       used 43139K, committed 43712K, reserved 1114112K
  class space    used 5630K, committed 5888K, reserved 1048576K
}
Event: 6.827 GC heap before
{Heap before GC invocations=9 (full 0):
 garbage-first heap   total 81920K, used 67427K [0x0000000705e00000, 0x0000000800000000)
  region size 2048K, 24 young (49152K), 3 survivors (6144K)
 Metaspace       used 57133K, committed 57664K, reserved 1114112K
  class space    used 7329K, committed 7552K, reserved 1048576K
}
Event: 6.832 GC heap after
{Heap after GC invocations=10 (full 0):
 garbage-first heap   total 81920K, used 28049K [0x0000000705e00000, 0x0000000800000000)
  region size 2048K, 3 young (6144K), 3 survivors (6144K)
 Metaspace       used 57133K, committed 57664K, reserved 1114112K
  class space    used 7329K, committed 7552K, reserved 1048576K
}
Event: 6.942 GC heap before
{Heap before GC invocations=10 (full 0):
 garbage-first heap   total 81920K, used 32145K [0x0000000705e00000, 0x0000000800000000)
  region size 2048K, 6 young (12288K), 3 survivors (6144K)
 Metaspace       used 59551K, committed 60096K, reserved 1114112K
  class space    used 7699K, committed 7936K, reserved 1048576K
}
Event: 6.945 GC heap after
{Heap after GC invocations=11 (full 0):
 garbage-first heap   total 81920K, used 29223K [0x0000000705e00000, 0x0000000800000000)
  region size 2048K, 1 young (2048K), 1 survivors (2048K)
 Metaspace       used 59551K, committed 60096K, reserved 1114112K
  class space    used 7699K, committed 7936K, reserved 1048576K
}
Event: 7.686 GC heap before
{Heap before GC invocations=12 (full 0):
 garbage-first heap   total 81920K, used 70183K [0x0000000705e00000, 0x0000000800000000)
  region size 2048K, 21 young (43008K), 1 survivors (2048K)
 Metaspace       used 67686K, committed 68416K, reserved 1114112K
  class space    used 8978K, committed 9280K, reserved 1048576K
}
Event: 7.689 GC heap after
{Heap after GC invocations=13 (full 0):
 garbage-first heap   total 81920K, used 30542K [0x0000000705e00000, 0x0000000800000000)
  region size 2048K, 2 young (4096K), 2 survivors (4096K)
 Metaspace       used 67686K, committed 68416K, reserved 1114112K
  class space    used 8978K, committed 9280K, reserved 1048576K
}

